<?xml version="1.0" encoding="UTF-8"?>
<!-- Generated by org.testng.reporters.JUnitXMLReporter -->
<testsuite ignored="0" hostname="QT-INNO-LT0619" failures="1" tests="3" name="Test" time="68.474" errors="0" timestamp="2022-07-20T16:00:06 IST">
  <testcase classname="PageObject.selenium.HomePage" name="basePageNavigation" time="19.28"/>
  <testcase classname="PageObject.selenium.HomePage" name="basePageNavigation" time="18.756"/>
  <testcase classname="PageObject.selenium.ValidateTitle" name="basePageNavigation" time="0.07">
    <failure type="java.lang.AssertionError" message="expected [true] but found [false]">
      <![CDATA[java.lang.AssertionError: expected [true] but found [false]
at PageObject.selenium.ValidateTitle.basePageNavigation(ValidateTitle.java:32)
at java.base/java.util.ArrayList.forEach(ArrayList.java:1511)
... Removed 35 stack frames]]>
    </failure>
  </testcase> <!-- basePageNavigation -->
</testsuite> <!-- Test -->
