<?xml version="1.0" encoding="UTF-8"?>
<testng-results ignored="0" total="3" passed="2" failed="1" skipped="0">
  <reporter-output>
  </reporter-output>
  <suite started-at="2022-08-16T09:32:59 IST" name="Suite" finished-at="2022-08-16T09:33:42 IST" duration-ms="43506">
    <groups>
    </groups>
    <test started-at="2022-08-16T09:32:59 IST" name="Test2" finished-at="2022-08-16T09:33:35 IST" duration-ms="35712">
      <class name="PageObject.selenium.ValidateTitle">
        <test-method is-config="true" signature="initialise()[pri:0, instance:PageObject.selenium.ValidateTitle@1a6d8329]" started-at="2022-08-16T09:32:59 IST" name="initialise" finished-at="2022-08-16T09:33:31 IST" duration-ms="32318" status="PASS">
          <reporter-output>
          </reporter-output>
        </test-method> <!-- initialise -->
        <test-method signature="validateTitleMethod()[pri:0, instance:PageObject.selenium.ValidateTitle@1a6d8329]" started-at="2022-08-16T09:33:31 IST" name="validateTitleMethod" finished-at="2022-08-16T09:33:32 IST" duration-ms="381" status="FAIL">
          <exception class="java.lang.AssertionError">
            <message>
              <![CDATA[expected [true] but found [false]]]>
            </message>
            <full-stacktrace>
              <![CDATA[java.lang.AssertionError: expected [true] but found [false]
at org.testng.Assert.fail(Assert.java:110)
at org.testng.Assert.failNotEquals(Assert.java:1413)
at org.testng.Assert.assertTrue(Assert.java:56)
at org.testng.Assert.assertTrue(Assert.java:66)
at PageObject.selenium.ValidateTitle.validateTitleMethod(ValidateTitle.java:36)
at java.base/jdk.internal.reflect.NativeMethodAccessorImpl.invoke0(Native Method)
at java.base/jdk.internal.reflect.NativeMethodAccessorImpl.invoke(NativeMethodAccessorImpl.java:64)
at java.base/jdk.internal.reflect.DelegatingMethodAccessorImpl.invoke(DelegatingMethodAccessorImpl.java:43)
at java.base/java.lang.reflect.Method.invoke(Method.java:564)
at org.testng.internal.invokers.MethodInvocationHelper.invokeMethod(MethodInvocationHelper.java:139)
at org.testng.internal.invokers.TestInvoker.invokeMethod(TestInvoker.java:677)
at org.testng.internal.invokers.TestInvoker.invokeTestMethod(TestInvoker.java:221)
at org.testng.internal.invokers.MethodRunner.runInSequence(MethodRunner.java:50)
at org.testng.internal.invokers.TestInvoker$MethodInvocationAgent.invoke(TestInvoker.java:962)
at org.testng.internal.invokers.TestInvoker.invokeTestMethods(TestInvoker.java:194)
at org.testng.internal.invokers.TestMethodWorker.invokeTestMethods(TestMethodWorker.java:148)
at org.testng.internal.invokers.TestMethodWorker.run(TestMethodWorker.java:128)
at java.base/java.util.ArrayList.forEach(ArrayList.java:1511)
at org.testng.TestRunner.privateRun(TestRunner.java:806)
at org.testng.TestRunner.run(TestRunner.java:601)
at org.testng.SuiteRunner.runTest(SuiteRunner.java:433)
at org.testng.SuiteRunner$SuiteWorker.run(SuiteRunner.java:471)
at org.testng.internal.thread.ThreadUtil.lambda$execute$0(ThreadUtil.java:58)
at java.base/java.util.concurrent.FutureTask.run(FutureTask.java:264)
at java.base/java.util.concurrent.ThreadPoolExecutor.runWorker(ThreadPoolExecutor.java:1130)
at java.base/java.util.concurrent.ThreadPoolExecutor$Worker.run(ThreadPoolExecutor.java:630)
at java.base/java.lang.Thread.run(Thread.java:832)
]]>
            </full-stacktrace>
          </exception> <!-- java.lang.AssertionError -->
          <reporter-output>
          </reporter-output>
        </test-method> <!-- validateTitleMethod -->
        <test-method is-config="true" signature="teatDown()[pri:0, instance:PageObject.selenium.ValidateTitle@1a6d8329]" started-at="2022-08-16T09:33:33 IST" name="teatDown" finished-at="2022-08-16T09:33:35 IST" duration-ms="2057" status="PASS">
          <reporter-output>
          </reporter-output>
        </test-method> <!-- teatDown -->
      </class> <!-- PageObject.selenium.ValidateTitle -->
    </test> <!-- Test2 -->
    <test started-at="2022-08-16T09:32:59 IST" name="Test1" finished-at="2022-08-16T09:33:42 IST" duration-ms="43506">
      <class name="PageObject.selenium.HomePage">
        <test-method is-config="true" signature="initialise()[pri:0, instance:PageObject.selenium.HomePage@13fd2ccd]" started-at="2022-08-16T09:32:59 IST" name="initialise" finished-at="2022-08-16T09:33:17 IST" duration-ms="17539" status="PASS">
          <reporter-output>
          </reporter-output>
        </test-method> <!-- initialise -->
        <test-method signature="basePageNavigation(java.lang.String,java.lang.String,java.lang.String)[pri:0, instance:PageObject.selenium.HomePage@13fd2ccd]" started-at="2022-08-16T09:33:17 IST" name="basePageNavigation" data-provider="getData" finished-at="2022-08-16T09:33:36 IST" duration-ms="19625" status="PASS">
          <params>
            <param index="0">
              <value>
                <![CDATA[nonres@aw]]>
              </value>
            </param>
            <param index="1">
              <value>
                <![CDATA[123456]]>
              </value>
            </param>
            <param index="2">
              <value>
                <![CDATA[nonRestricted user]]>
              </value>
            </param>
          </params>
          <reporter-output>
          </reporter-output>
        </test-method> <!-- basePageNavigation -->
        <test-method signature="basePageNavigation(java.lang.String,java.lang.String,java.lang.String)[pri:0, instance:PageObject.selenium.HomePage@13fd2ccd]" started-at="2022-08-16T09:33:36 IST" name="basePageNavigation" data-provider="getData" finished-at="2022-08-16T09:33:41 IST" duration-ms="4588" status="PASS">
          <params>
            <param index="0">
              <value>
                <![CDATA[res@aw]]>
              </value>
            </param>
            <param index="1">
              <value>
                <![CDATA[1234567]]>
              </value>
            </param>
            <param index="2">
              <value>
                <![CDATA[Restricted user]]>
              </value>
            </param>
          </params>
          <reporter-output>
          </reporter-output>
        </test-method> <!-- basePageNavigation -->
        <test-method is-config="true" signature="tearDown()[pri:0, instance:PageObject.selenium.HomePage@13fd2ccd]" started-at="2022-08-16T09:33:41 IST" name="tearDown" finished-at="2022-08-16T09:33:42 IST" duration-ms="1673" status="PASS">
          <reporter-output>
          </reporter-output>
        </test-method> <!-- tearDown -->
      </class> <!-- PageObject.selenium.HomePage -->
    </test> <!-- Test1 -->
  </suite> <!-- Suite -->
</testng-results>
